2016-10-14 23:48:03 leschziner-aws-upload-test
2016-10-08 11:21:57 leschziner-dyneinwa-merge
2015-09-21 17:37:59 leschziner-lab-micrographs
2016-10-16 20:47:11 leschziner-mike-jun23f-jun30a
2017-01-28 21:15:59 leschziner-rclone-test
2015-09-21 09:43:45 leschziner-s3-test
2017-02-21 19:50:35 rln-aws-leschziner-mike-oregon
2017-02-21 19:56:00 rln-aws-leschziner-mike-oregon-import-job001
2017-02-21 20:00:29 rln-aws-leschziner-mike-oregon-relion-movie-test
2017-02-21 20:05:56 rln-aws-leschziner-mike-oregon-relion-movie-test-job001
2017-02-03 13:48:54 rln-aws-tmp-leschziner-1486158533
2017-02-03 18:15:04 rln-aws-tmp-leschziner-1486174502
2017-02-03 23:14:29 rln-aws-tmp-leschziner-1486192467
2017-02-03 23:36:15 rln-aws-tmp-leschziner-1486193774
2017-02-06 12:37:07 rln-aws-tmp-leschziner-1486413425
2017-02-06 20:38:03 rln-aws-tmp-leschziner-1486442282
2017-02-07 13:25:23 rln-aws-tmp-leschziner-1486502721
2017-02-07 14:15:00 rln-aws-tmp-leschziner-1486505698
2017-02-07 19:13:53 rln-aws-tmp-leschziner-1486523631
2017-02-08 16:57:24 rln-aws-tmp-leschziner-1486601843
2017-02-08 17:09:19 rln-aws-tmp-leschziner-1486602556
2017-02-08 17:58:05 rln-aws-tmp-leschziner-1486605484
2017-02-08 18:11:28 rln-aws-tmp-leschziner-1486606287
2017-02-08 18:34:24 rln-aws-tmp-leschziner-1486607662
2017-02-08 19:20:55 rln-aws-tmp-leschziner-1486610453
2017-02-08 20:44:25 rln-aws-tmp-leschziner-1486615464
2017-02-08 21:01:43 rln-aws-tmp-leschziner-1486616501
2017-02-08 21:32:04 rln-aws-tmp-leschziner-1486618323
2017-02-09 09:01:05 rln-aws-tmp-leschziner-1486659663
2017-02-09 09:22:32 rln-aws-tmp-leschziner-1486660950
2017-02-09 10:56:39 rln-aws-tmp-leschziner-1486666597
2017-02-09 11:03:05 rln-aws-tmp-leschziner-1486666983
2017-02-09 11:05:40 rln-aws-tmp-leschziner-1486667139
2017-02-09 16:36:19 rln-aws-tmp-leschziner-1486686977
2017-02-09 22:44:33 rln-aws-tmp-leschziner-1486709071
2017-02-09 23:08:49 rln-aws-tmp-leschziner-1486710527
2017-02-10 14:52:21 rln-aws-tmp-leschziner-1486767138
2017-02-10 15:46:57 rln-aws-tmp-leschziner-1486770415
2017-02-13 11:52:03 rln-aws-tmp-leschziner-1487015521
2017-02-13 12:35:06 rln-aws-tmp-leschziner-1487018104
2017-02-13 13:11:26 rln-aws-tmp-leschziner-1487020284
2017-02-14 16:21:55 rln-aws-tmp-leschziner-1487118114
2017-02-15 00:33:30 rln-aws-tmp-leschziner-1487147609
2017-02-15 15:35:16 rln-aws-tmp-leschziner-1487201714
2017-02-15 16:25:32 rln-aws-tmp-leschziner-1487204730
2017-02-15 16:58:35 rln-aws-tmp-leschziner-1487206714
2017-02-16 09:32:59 rln-aws-tmp-leschziner-1487266377
2017-02-16 10:10:20 rln-aws-tmp-leschziner-1487268619
2017-02-17 01:12:31 rln-aws-tmp-leschziner-1487322749
2017-02-17 11:41:42 rln-aws-tmp-leschziner-1487360497
2017-02-18 00:58:54 rln-aws-tmp-leschziner-1487408333
2017-02-19 11:54:26 rln-aws-tmp-leschziner-1487534064
2017-02-19 15:31:37 rln-aws-tmp-leschziner-1487547096
2017-02-19 15:49:52 rln-aws-tmp-leschziner-1487548191
2017-02-19 16:09:59 rln-aws-tmp-leschziner-1487549397
2017-02-19 16:11:05 rln-aws-tmp-leschziner-1487549462
2017-02-19 16:11:54 rln-aws-tmp-leschziner-1487549513
2017-02-19 16:12:33 rln-aws-tmp-leschziner-1487549552
2017-02-19 16:17:31 rln-aws-tmp-leschziner-1487549849
2017-02-19 16:22:19 rln-aws-tmp-leschziner-1487550138
2017-02-19 16:29:20 rln-aws-tmp-leschziner-1487550559
2017-02-19 16:32:01 rln-aws-tmp-leschziner-1487550720
2017-02-19 16:32:33 rln-aws-tmp-leschziner-1487550752
2017-02-19 16:37:29 rln-aws-tmp-leschziner-1487551047
2017-02-19 19:05:06 rln-aws-tmp-leschziner-1487559905
2017-02-19 19:09:39 rln-aws-tmp-leschziner-1487560177
2017-02-19 19:18:44 rln-aws-tmp-leschziner-1487560722
2017-02-19 19:21:22 rln-aws-tmp-leschziner-1487560880
2017-02-19 19:23:40 rln-aws-tmp-leschziner-1487561019
2017-02-19 19:33:39 rln-aws-tmp-leschziner-1487561617
2017-02-19 19:41:46 rln-aws-tmp-leschziner-1487562105
2017-02-19 19:41:48 rln-aws-tmp-leschziner-1487562105-mic
2017-02-19 19:44:04 rln-aws-tmp-leschziner-1487562242
2017-02-19 19:44:05 rln-aws-tmp-leschziner-1487562242-mic
2017-02-19 20:12:02 rln-aws-tmp-leschziner-1487563920
2017-02-19 20:12:03 rln-aws-tmp-leschziner-1487563920-mic
2017-02-19 20:31:16 rln-aws-tmp-leschziner-1487565074
2017-02-19 22:04:48 rln-aws-tmp-leschziner-1487570686
2017-02-19 22:21:55 rln-aws-tmp-leschziner-1487571714
2017-02-19 22:22:07 rln-aws-tmp-leschziner-1487571725
2017-02-19 22:22:08 rln-aws-tmp-leschziner-1487571725-mic
2017-02-19 22:31:52 rln-aws-tmp-leschziner-1487572311
2017-02-19 22:45:31 rln-aws-tmp-leschziner-1487573129
2017-02-19 22:46:37 rln-aws-tmp-leschziner-1487573195
2017-02-19 22:46:43 rln-aws-tmp-leschziner-1487573195-mic
2017-02-19 22:58:03 rln-aws-tmp-leschziner-1487573881
2017-02-19 23:01:57 rln-aws-tmp-leschziner-1487574115
2017-02-19 23:02:02 rln-aws-tmp-leschziner-1487574115-mic
2017-02-19 23:06:57 rln-aws-tmp-leschziner-1487574415
2017-02-19 23:08:14 rln-aws-tmp-leschziner-1487574487-mic
2017-02-19 23:16:54 rln-aws-tmp-leschziner-1487575012
2017-02-19 23:21:36 rln-aws-tmp-leschziner-1487575294
2017-02-19 23:21:41 rln-aws-tmp-leschziner-1487575294-mic
2017-02-21 10:48:47 rln-aws-tmp-leschziner-1487702926
2017-02-21 16:50:56 rln-aws-tmp-leschziner-1487724654
